2025-01-19 17:19:02,137 CRIT Supervisor is running as root.  Privileges were not dropped because no user is specified in the config file.  If you intend to run as root, you can set user=root in the config file to avoid this message.
2025-01-19 17:19:02,140 INFO supervisord started with pid 1
2025-01-19 17:19:03,145 INFO spawned: 'php-fpm' with pid 7
2025-01-19 17:19:03,150 INFO spawned: 'nginx' with pid 8
2025-01-19 17:19:04,199 INFO success: php-fpm entered RUNNING state, process has stayed up for > than 1 seconds (startsecs)
2025-01-19 17:19:04,200 INFO success: nginx entered RUNNING state, process has stayed up for > than 1 seconds (startsecs)
2025-01-19 17:19:08,209 WARN received SIGQUIT indicating exit request
2025-01-19 17:19:08,210 INFO waiting for php-fpm, nginx to die
2025-01-19 17:19:08,213 INFO stopped: nginx (exit status 0)
2025-01-19 17:19:08,218 INFO stopped: php-fpm (exit status 0)
2025-01-19 17:19:12,166 CRIT Supervisor is running as root.  Privileges were not dropped because no user is specified in the config file.  If you intend to run as root, you can set user=root in the config file to avoid this message.
2025-01-19 17:19:12,168 INFO supervisord started with pid 1
2025-01-19 17:19:13,173 INFO spawned: 'php-fpm' with pid 7
2025-01-19 17:19:13,177 INFO spawned: 'nginx' with pid 8
2025-01-19 17:19:14,217 INFO success: php-fpm entered RUNNING state, process has stayed up for > than 1 seconds (startsecs)
2025-01-19 17:19:14,218 INFO success: nginx entered RUNNING state, process has stayed up for > than 1 seconds (startsecs)
2025-01-19 17:26:11,083 WARN received SIGQUIT indicating exit request
2025-01-19 17:26:11,085 INFO waiting for php-fpm, nginx to die
2025-01-19 17:26:11,089 INFO stopped: nginx (exit status 0)
2025-01-19 17:26:11,098 INFO stopped: php-fpm (exit status 0)
2025-01-19 17:26:11,686 CRIT Supervisor is running as root.  Privileges were not dropped because no user is specified in the config file.  If you intend to run as root, you can set user=root in the config file to avoid this message.
2025-01-19 17:26:11,690 INFO supervisord started with pid 1
2025-01-19 17:26:12,693 INFO spawned: 'php-fpm' with pid 7
2025-01-19 17:26:12,695 INFO spawned: 'nginx' with pid 8
2025-01-19 17:26:13,736 INFO success: php-fpm entered RUNNING state, process has stayed up for > than 1 seconds (startsecs)
2025-01-19 17:26:13,736 INFO success: nginx entered RUNNING state, process has stayed up for > than 1 seconds (startsecs)
